<?xml version="1.0" encoding="UTF-8"?>
<!-- Generated by org.testng.reporters.JUnitReportReporter -->
<testsuite hostname="Chetans-MacBook-Pro.local" failures="0" tests="1" name="Assertion.hardAssert" time="11.337" errors="0" timestamp="2024-01-31T12:05:27 IST" skipped="0">
  <testcase classname="Assertion.hardAssert" name="dws" time="11.337"/>
  <system-out/>
</testsuite> <!-- Assertion.hardAssert -->
