<?xml version="1.0" encoding="UTF-8"?>
<!-- Generated by org.testng.reporters.JUnitReportReporter -->
<testsuite hostname="Chetans-MacBook-Pro.local" failures="0" tests="1" name="TestNgBatchGroup1.Puma" time="31.495" errors="0" timestamp="2024-01-26T11:13:48 IST" skipped="0">
  <testcase classname="TestNgBatchGroup1.Puma" name="puma" time="31.495"/>
  <system-out/>
</testsuite> <!-- TestNgBatchGroup1.Puma -->
