<?xml version="1.0" encoding="UTF-8"?>
<!-- Generated by org.testng.reporters.JUnitReportReporter -->
<testsuite hostname="Chetans-MacBook-Pro.local" failures="0" tests="1" name="TestNgBatchGroup.Ktm" time="33.400" errors="0" timestamp="2024-01-26T11:13:48 IST" skipped="0">
  <testcase classname="TestNgBatchGroup.Ktm" name="ktm" time="33.400"/>
  <system-out/>
</testsuite> <!-- TestNgBatchGroup.Ktm -->
