<?xml version="1.0" encoding="UTF-8"?>
<!-- Generated by org.testng.reporters.JUnitReportReporter -->
<testsuite hostname="Chetans-MacBook-Pro.local" failures="0" tests="2" name="DataProvider.DataProviderSenderAndReceiver" time="9.300" errors="0" timestamp="2024-01-31T10:51:57 IST" skipped="0">
  <testcase classname="DataProvider.DataProviderSenderAndReceiver" name="receiver" time="7.545"/>
  <system-out/>
  <testcase classname="DataProvider.DataProviderSenderAndReceiver" name="receiver" time="1.755"/>
  <system-out/>
</testsuite> <!-- DataProvider.DataProviderSenderAndReceiver -->
