<?xml version="1.0" encoding="UTF-8"?>
<!-- Generated by org.testng.reporters.JUnitReportReporter -->
<testsuite hostname="Chetans-MacBook-Pro.local" failures="0" tests="1" name="TestNgBatchGroup1.Woodland" time="17.959" errors="0" timestamp="2024-01-26T11:13:48 IST" skipped="0">
  <testcase classname="TestNgBatchGroup1.Woodland" name="woodland" time="17.959"/>
  <system-out/>
</testsuite> <!-- TestNgBatchGroup1.Woodland -->
