<?xml version="1.0" encoding="UTF-8"?>
<!-- Generated by org.testng.reporters.JUnitReportReporter -->
<testsuite hostname="Chetans-MacBook-Pro.local" failures="0" tests="1" name="Listeneres.TestMethod" time="11.082" errors="0" timestamp="2024-02-02T11:27:40 IST" skipped="0">
  <testcase classname="Listeneres.TestMethod" name="login" time="11.082"/>
  <system-out/>
</testsuite> <!-- Listeneres.TestMethod -->
