<?xml version="1.0" encoding="UTF-8"?>
<!-- Generated by org.testng.reporters.JUnitReportReporter -->
<testsuite hostname="Chetans-MacBook-Pro.local" failures="0" tests="3" name="TestNg1.AddToCartByChronologicalOrder" time="8.398" errors="0" timestamp="2024-01-25T12:02:40 IST" skipped="0">
  <testcase classname="TestNg1.AddToCartByChronologicalOrder" name="login" time="3.850"/>
  <system-out/>
  <testcase classname="TestNg1.AddToCartByChronologicalOrder" name="addToCart" time="2.941"/>
  <system-out/>
  <testcase classname="TestNg1.AddToCartByChronologicalOrder" name="logOut" time="1.607"/>
  <system-out/>
</testsuite> <!-- TestNg1.AddToCartByChronologicalOrder -->
