<?xml version="1.0" encoding="UTF-8"?>
<!-- Generated by org.testng.reporters.JUnitReportReporter -->
<testsuite hostname="Chetans-MacBook-Pro.local" failures="0" tests="1" name="TestNgBatchGroup.RoyalEnfield" time="19.524" errors="0" timestamp="2024-01-26T11:13:48 IST" skipped="0">
  <testcase classname="TestNgBatchGroup.RoyalEnfield" name="royalenfield" time="19.524"/>
  <system-out/>
</testsuite> <!-- TestNgBatchGroup.RoyalEnfield -->
