<?xml version="1.0" encoding="UTF-8"?>
<!-- Generated by org.testng.reporters.JUnitReportReporter -->
<testsuite hostname="Chetans-MacBook-Pro.local" failures="0" tests="3" name="TestNg1.DependsOnMethod" time="36.636" errors="0" timestamp="2024-01-26T12:11:21 IST" skipped="0">
  <testcase classname="TestNg1.DependsOnMethod" name="dws" time="6.088"/>
  <system-out/>
  <testcase classname="TestNg1.DependsOnMethod" name="agoda" time="19.526"/>
  <system-out/>
  <testcase classname="TestNg1.DependsOnMethod" name="redBus" time="11.022"/>
  <system-out/>
</testsuite> <!-- TestNg1.DependsOnMethod -->
