<?xml version="1.0" encoding="UTF-8"?>
<!-- Generated by org.testng.reporters.JUnitReportReporter -->
<testsuite hostname="Chetans-MacBook-Pro.local" failures="0" tests="3" name="TestNg1.Priority" time="27.885" errors="0" timestamp="2024-01-26T12:06:35 IST" skipped="0">
  <testcase classname="TestNg1.Priority" name="dws" time="9.484"/>
  <system-out/>
  <testcase classname="TestNg1.Priority" name="agoda" time="10.153"/>
  <system-out/>
  <testcase classname="TestNg1.Priority" name="redBus" time="8.248"/>
  <system-out/>
</testsuite> <!-- TestNg1.Priority -->
