<?xml version="1.0" encoding="UTF-8"?>
<!-- Generated by org.testng.reporters.JUnitReportReporter -->
<testsuite hostname="Chetans-MacBook-Pro.local" failures="0" tests="2" name="Parameterized.URLParameterized" time="22.073" errors="0" timestamp="2024-01-31T10:42:32 IST" skipped="0">
  <testcase classname="Parameterized.URLParameterized" name="dws" time="16.083"/>
  <system-out/>
  <testcase classname="Parameterized.URLParameterized" name="dws1" time="5.990"/>
  <system-out/>
</testsuite> <!-- Parameterized.URLParameterized -->
