<?xml version="1.0" encoding="UTF-8"?>
<!-- Generated by org.testng.reporters.JUnitReportReporter -->
<testsuite hostname="Chetans-MacBook-Pro.local" failures="0" tests="3" name="TestNg1.DWS" time="0.032" errors="0" timestamp="2024-01-24T11:28:47 IST" skipped="0">
  <testcase classname="TestNg1.DWS" name="dws" time="0.005"/>
  <system-out>
    <![CDATA[You are in dws]]>
  </system-out>
  <testcase classname="TestNg1.DWS" name="cat" time="0.026"/>
  <system-out/>
  <testcase classname="TestNg1.DWS" name="test1" time="0.001"/>
  <system-out/>
</testsuite> <!-- TestNg1.DWS -->
