<?xml version="1.0" encoding="UTF-8"?>
<!-- Generated by org.testng.reporters.JUnitReportReporter -->
<testsuite hostname="Chetans-MacBook-Pro.local" failures="0" tests="1" name="TestNgBatchGroup.Ducati" time="22.459" errors="0" timestamp="2024-01-26T11:13:48 IST" skipped="0">
  <testcase classname="TestNgBatchGroup.Ducati" name="ducati" time="22.459"/>
  <system-out/>
</testsuite> <!-- TestNgBatchGroup.Ducati -->
