<?xml version="1.0" encoding="UTF-8"?>
<!-- Generated by org.testng.reporters.JUnitReportReporter -->
<testsuite hostname="Chetans-MacBook-Pro.local" failures="0" tests="1" name="Parameterized.differentBrowsers" time="6.072" errors="0" timestamp="2024-01-31T11:05:18 IST" skipped="0">
  <testcase classname="Parameterized.differentBrowsers" name="browsers" time="6.072"/>
  <system-out>
    <![CDATA[ChromeDriver]]>
  </system-out>
</testsuite> <!-- Parameterized.differentBrowsers -->
