<?xml version="1.0" encoding="UTF-8"?>
<!-- Generated by org.testng.reporters.JUnitReportReporter -->
<testsuite hostname="Chetans-MacBook-Pro.local" failures="0" tests="1" name="TestNgBatchGroup.Honda" time="12.398" errors="0" timestamp="2024-01-31T11:28:07 IST" skipped="0">
  <testcase classname="TestNgBatchGroup.Honda" name="honda" time="12.398"/>
  <system-out/>
</testsuite> <!-- TestNgBatchGroup.Honda -->
