<?xml version="1.0" encoding="UTF-8"?>
<!-- Generated by org.testng.reporters.JUnitReportReporter -->
<testsuite hostname="Chetans-MacBook-Pro.local" failures="0" tests="1" name="POM.ExecuteDWSHomePage" time="11.388" errors="0" timestamp="2024-02-01T11:18:51 IST" skipped="0">
  <testcase classname="POM.ExecuteDWSHomePage" name="receiver" time="11.388"/>
  <system-out/>
</testsuite> <!-- POM.ExecuteDWSHomePage -->
