<?xml version="1.0" encoding="UTF-8"?>
<!-- Generated by org.testng.reporters.JUnitReportReporter -->
<testsuite hostname="Chetans-MacBook-Pro.local" failures="0" tests="2" name="TestNg1.ChronologicalOrder" time="0.151" errors="0" timestamp="2024-01-25T10:51:38 IST" skipped="0">
  <testcase classname="TestNg1.ChronologicalOrder" name="test" time="0.114"/>
  <system-out/>
  <testcase classname="TestNg1.ChronologicalOrder" name="test123" time="0.037"/>
  <system-out/>
</testsuite> <!-- TestNg1.ChronologicalOrder -->
